Using pre-set license
Built from '2020.2/release' branch; Version is '2020.2.2f1 (068178b99f32) revision 426360'; Using compiler version '192528614'; Build Type 'Release'
OS: 'Windows 10 Enterprise; OS build 18363.1500; Version 1909; 64bit' Language: 'en' Physical Memory: 16304 MB
BatchMode: 1, IsHumanControllingUs: 0, StartBugReporterOnCrash: 0, Is64bit: 1, IsPro: 0

 COMMAND LINE ARGUMENTS:
C:\Program Files\Unity\Hub\Editor\2020.2.2f1\Editor\Unity.exe
-adb2
-batchMode
-noUpm
-name
AssetImportWorker0
-projectPath
C:/Users/3bf6da335fa91fd9/Documents/GitHub/FlappyCat/FlappyCat
-logFile
Logs/AssetImportWorker0.log
-srvPort
52943
Successfully changed project path to: C:/Users/3bf6da335fa91fd9/Documents/GitHub/FlappyCat/FlappyCat
C:/Users/3bf6da335fa91fd9/Documents/GitHub/FlappyCat/FlappyCat
Using Asset Import Pipeline V2.
Refreshing native plugins compatible for Editor in 48.27 ms, found 1 plugins.
Preloading 0 native plugins for Editor in 0.00 ms.
Initialize engine version: 2020.2.2f1 (068178b99f32)
[Subsystems] Discovering subsystems at path C:/Program Files/Unity/Hub/Editor/2020.2.2f1/Editor/Data/Resources/UnitySubsystems
[Subsystems] Discovering subsystems at path C:/Users/3bf6da335fa91fd9/Documents/GitHub/FlappyCat/FlappyCat/Assets
GfxDevice: creating device client; threaded=0
Direct3D:
    Version:  Direct3D 11.0 [level 11.0]
    Renderer: NVIDIA Quadro K2200  (ID=0x13ba)
    Vendor:   
    VRAM:     4035 MB
    Driver:   10.18.13.5362
Initialize mono
Mono path[0] = 'C:/Program Files/Unity/Hub/Editor/2020.2.2f1/Editor/Data/Managed'
Mono path[1] = 'C:/Program Files/Unity/Hub/Editor/2020.2.2f1/Editor/Data/MonoBleedingEdge/lib/mono/unityjit'
Mono config path = 'C:/Program Files/Unity/Hub/Editor/2020.2.2f1/Editor/Data/MonoBleedingEdge/etc'
Using monoOptions --debugger-agent=transport=dt_socket,embedding=1,server=y,suspend=n,address=127.0.0.1:56580
Begin MonoManager ReloadAssembly
Registering precompiled unity dll's ...
Register platform support module: C:/Program Files/Unity/Hub/Editor/2020.2.2f1/Editor/Data/PlaybackEngines/WindowsStandaloneSupport/UnityEditor.WindowsStandalone.Extensions.dll
Registered in 0.002719 seconds.
Native extension for WindowsStandalone target not found
Refreshing native plugins compatible for Editor in 44.43 ms, found 1 plugins.
Preloading 0 native plugins for Editor in 0.00 ms.
Invoked RoslynAnalysisRunner static constructor.
RoslynAnalysisRunner will not be running.
RoslynAnalysisRunner has terminated.
Mono: successfully reloaded assembly
- Completed reload, in  1.390 seconds
Platform modules already initialized, skipping
Registering precompiled user dll's ...
Registered in 0.001070 seconds.
Begin MonoManager ReloadAssembly
Native extension for WindowsStandalone target not found
Refreshing native plugins compatible for Editor in 43.08 ms, found 1 plugins.
Preloading 0 native plugins for Editor in 0.00 ms.
Invoked RoslynAnalysisRunner static constructor.
RoslynAnalysisRunner will not be running.
RoslynAnalysisRunner has terminated.
Mono: successfully reloaded assembly
- Completed reload, in  1.212 seconds
Platform modules already initialized, skipping
========================================================================
Worker process is ready to serve import requests
Launched and connected shader compiler UnityShaderCompiler.exe after 0.05 seconds
Refreshing native plugins compatible for Editor in 0.32 ms, found 1 plugins.
Preloading 0 native plugins for Editor in 0.00 ms.
Unloading 1816 Unused Serialized files (Serialized files now loaded: 0)
System memory in use before: 86.5 MB.
System memory in use after: 86.6 MB.

Unloading 19 unused Assets to reduce memory usage. Loaded Objects now: 2264.
Total: 2.037100 ms (FindLiveObjects: 0.206400 ms CreateObjectMapping: 0.066500 ms MarkObjects: 1.684800 ms  DeleteObjects: 0.078500 ms)

========================================================================
Received Import Request.
  path: Assets/Scripts/Bird.cs
  artifactKey: Guid(051fad9c014199549be7834d7034f2e5) Importer(815301076,1909f56bfc062723c751e8b465ee728b)
Start importing Assets/Scripts/Bird.cs using Guid(051fad9c014199549be7834d7034f2e5) Importer(815301076,1909f56bfc062723c751e8b465ee728b)  -> (artifact id: 'fa1cfafb12a938d11d4585b9c371a638') in 0.032228 seconds
  Import took 0.035618 seconds .

========================================================================
Received Import Request.
  Time since last request: 7.080206 seconds.
  path: Assets/Scripts/Level.cs
  artifactKey: Guid(a13935fe81bf1e04ab9fa0ad2e41bb0e) Importer(815301076,1909f56bfc062723c751e8b465ee728b)
Start importing Assets/Scripts/Level.cs using Guid(a13935fe81bf1e04ab9fa0ad2e41bb0e) Importer(815301076,1909f56bfc062723c751e8b465ee728b)  -> (artifact id: 'b2619687e8c764f5daab944db92fbce7') in 0.008079 seconds
  Import took 0.011466 seconds .

========================================================================
Received Import Request.
  Time since last request: 0.000364 seconds.
  path: Assets/Scripts/Level.cs
  artifactKey: Guid(a13935fe81bf1e04ab9fa0ad2e41bb0e) Importer(815301076,1909f56bfc062723c751e8b465ee728b)
Start importing Assets/Scripts/Level.cs using Guid(a13935fe81bf1e04ab9fa0ad2e41bb0e) Importer(815301076,1909f56bfc062723c751e8b465ee728b)  -> (artifact id: 'b2619687e8c764f5daab944db92fbce7') in 0.003197 seconds
  Import took 0.007279 seconds .

========================================================================
Received Import Request.
  Time since last request: 2.808116 seconds.
  path: Assets/Scripts/LoaderUpdate.cs
  artifactKey: Guid(c12bf154209510343a9734f34076542a) Importer(815301076,1909f56bfc062723c751e8b465ee728b)
Start importing Assets/Scripts/LoaderUpdate.cs using Guid(c12bf154209510343a9734f34076542a) Importer(815301076,1909f56bfc062723c751e8b465ee728b)  -> (artifact id: '4e7aee165d2fc080e09d3603cf77fbfd') in 0.009714 seconds
  Import took 0.013807 seconds .

========================================================================
Received Import Request.
  Time since last request: 25.701415 seconds.
  path: Assets/Scripts/ScoreWindow.cs
  artifactKey: Guid(a2673ff2320d17846b606b2cbfd3579b) Importer(815301076,1909f56bfc062723c751e8b465ee728b)
Start importing Assets/Scripts/ScoreWindow.cs using Guid(a2673ff2320d17846b606b2cbfd3579b) Importer(815301076,1909f56bfc062723c751e8b465ee728b)  -> (artifact id: 'a8be8eea076a1e3cadde3e5dba29e42f') in 0.008649 seconds
  Import took 0.012083 seconds .

========================================================================
Received Prepare
Registering precompiled user dll's ...
Registered in 0.000891 seconds.
Begin MonoManager ReloadAssembly
Native extension for WindowsStandalone target not found
Refreshing native plugins compatible for Editor in 0.74 ms, found 1 plugins.
Preloading 0 native plugins for Editor in 0.00 ms.
Invoked RoslynAnalysisRunner static constructor.
RoslynAnalysisRunner will not be running.
RoslynAnalysisRunner has terminated.
Mono: successfully reloaded assembly
- Completed reload, in  0.904 seconds
Platform modules already initialized, skipping
Refreshing native plugins compatible for Editor in 0.71 ms, found 1 plugins.
Preloading 0 native plugins for Editor in 0.00 ms.
Unloading 1793 Unused Serialized files (Serialized files now loaded: 0)
System memory in use before: 85.2 MB.
System memory in use after: 85.3 MB.

Unloading 7 unused Assets to reduce memory usage. Loaded Objects now: 2267.
Total: 2.214900 ms (FindLiveObjects: 0.296300 ms CreateObjectMapping: 0.078000 ms MarkObjects: 1.820200 ms  DeleteObjects: 0.018800 ms)

========================================================================
Received Prepare
Refreshing native plugins compatible for Editor in 1.85 ms, found 1 plugins.
Preloading 0 native plugins for Editor in 0.00 ms.
Unloading 5 Unused Serialized files (Serialized files now loaded: 0)
System memory in use before: 50.0 MB.
System memory in use after: 50.2 MB.

Unloading 5 unused Assets to reduce memory usage. Loaded Objects now: 2267.
Total: 2.018200 ms (FindLiveObjects: 0.198300 ms CreateObjectMapping: 0.075500 ms MarkObjects: 1.699100 ms  DeleteObjects: 0.043900 ms)

========================================================================
Received Import Request.
  Time since last request: 102.440828 seconds.
  path: Assets/Scripts/Quit.cs
  artifactKey: Guid(0385147633beed4498e2fa6c1df1e608) Importer(815301076,1909f56bfc062723c751e8b465ee728b)
Start importing Assets/Scripts/Quit.cs using Guid(0385147633beed4498e2fa6c1df1e608) Importer(815301076,1909f56bfc062723c751e8b465ee728b)  -> (artifact id: '750b374b6f6b8c3c27c5953559d83b01') in 0.008435 seconds
  Import took 0.012391 seconds .

========================================================================
Received Prepare
Registering precompiled user dll's ...
Registered in 0.001340 seconds.
Begin MonoManager ReloadAssembly
Native extension for WindowsStandalone target not found
Refreshing native plugins compatible for Editor in 0.53 ms, found 1 plugins.
Preloading 0 native plugins for Editor in 0.00 ms.
Invoked RoslynAnalysisRunner static constructor.
RoslynAnalysisRunner will not be running.
RoslynAnalysisRunner has terminated.
Mono: successfully reloaded assembly
- Completed reload, in  0.902 seconds
Platform modules already initialized, skipping
Refreshing native plugins compatible for Editor in 0.36 ms, found 1 plugins.
Preloading 0 native plugins for Editor in 0.00 ms.
Unloading 1793 Unused Serialized files (Serialized files now loaded: 0)
System memory in use before: 85.6 MB.
System memory in use after: 85.7 MB.

Unloading 7 unused Assets to reduce memory usage. Loaded Objects now: 2270.
Total: 1.801600 ms (FindLiveObjects: 0.163400 ms CreateObjectMapping: 0.045600 ms MarkObjects: 1.578200 ms  DeleteObjects: 0.013400 ms)

========================================================================
Received Import Request.
  Time since last request: 28.733835 seconds.
  path: Assets/Scripts/QUITBUTTON.cs
  artifactKey: Guid(37e6da62c591dc344af53715eb9619b8) Importer(815301076,1909f56bfc062723c751e8b465ee728b)
Start importing Assets/Scripts/QUITBUTTON.cs using Guid(37e6da62c591dc344af53715eb9619b8) Importer(815301076,1909f56bfc062723c751e8b465ee728b)  -> (artifact id: '53b29ac4946a80a4d9461a48ee33fe1f') in 0.009835 seconds
  Import took 0.013905 seconds .

========================================================================
Received Prepare
Registering precompiled user dll's ...
Registered in 0.000880 seconds.
Begin MonoManager ReloadAssembly
Native extension for WindowsStandalone target not found
Refreshing native plugins compatible for Editor in 0.37 ms, found 1 plugins.
Preloading 0 native plugins for Editor in 0.00 ms.
Invoked RoslynAnalysisRunner static constructor.
RoslynAnalysisRunner will not be running.
RoslynAnalysisRunner has terminated.
Mono: successfully reloaded assembly
- Completed reload, in  0.910 seconds
Platform modules already initialized, skipping
Refreshing native plugins compatible for Editor in 0.43 ms, found 1 plugins.
Preloading 0 native plugins for Editor in 0.00 ms.
Unloading 1794 Unused Serialized files (Serialized files now loaded: 0)
System memory in use before: 85.8 MB.
System memory in use after: 85.9 MB.

Unloading 7 unused Assets to reduce memory usage. Loaded Objects now: 2274.
Total: 2.468000 ms (FindLiveObjects: 0.293500 ms CreateObjectMapping: 0.097700 ms MarkObjects: 2.045000 ms  DeleteObjects: 0.030400 ms)

========================================================================
Received Prepare
Registering precompiled user dll's ...
Registered in 0.001380 seconds.
Begin MonoManager ReloadAssembly
Native extension for WindowsStandalone target not found
Refreshing native plugins compatible for Editor in 0.32 ms, found 1 plugins.
Preloading 0 native plugins for Editor in 0.00 ms.
Invoked RoslynAnalysisRunner static constructor.
RoslynAnalysisRunner will not be running.
RoslynAnalysisRunner has terminated.
Mono: successfully reloaded assembly
- Completed reload, in  0.913 seconds
Platform modules already initialized, skipping
Refreshing native plugins compatible for Editor in 0.36 ms, found 1 plugins.
Preloading 0 native plugins for Editor in 0.00 ms.
Unloading 1794 Unused Serialized files (Serialized files now loaded: 0)
System memory in use before: 85.9 MB.
System memory in use after: 86.0 MB.

Unloading 7 unused Assets to reduce memory usage. Loaded Objects now: 2277.
Total: 2.050800 ms (FindLiveObjects: 0.322400 ms CreateObjectMapping: 0.110300 ms MarkObjects: 1.600600 ms  DeleteObjects: 0.016100 ms)

========================================================================
Received Import Request.
  Time since last request: 77.564571 seconds.
  path: Assets/Scripts/QUITBUTTON.cs
  artifactKey: Guid(37e6da62c591dc344af53715eb9619b8) Importer(815301076,1909f56bfc062723c751e8b465ee728b)
Start importing Assets/Scripts/QUITBUTTON.cs using Guid(37e6da62c591dc344af53715eb9619b8) Importer(815301076,1909f56bfc062723c751e8b465ee728b)  -> (artifact id: '3733e6ab1e043309a8c2b66b43ecf8ef') in 0.015031 seconds
  Import took 0.020538 seconds .

========================================================================
Received Prepare
Registering precompiled user dll's ...
Registered in 0.000912 seconds.
Begin MonoManager ReloadAssembly
Native extension for WindowsStandalone target not found
Refreshing native plugins compatible for Editor in 0.42 ms, found 1 plugins.
Preloading 0 native plugins for Editor in 0.00 ms.
Invoked RoslynAnalysisRunner static constructor.
RoslynAnalysisRunner will not be running.
RoslynAnalysisRunner has terminated.
Mono: successfully reloaded assembly
- Completed reload, in  0.912 seconds
Platform modules already initialized, skipping
Refreshing native plugins compatible for Editor in 0.35 ms, found 1 plugins.
Preloading 0 native plugins for Editor in 0.00 ms.
Unloading 1794 Unused Serialized files (Serialized files now loaded: 0)
System memory in use before: 86.2 MB.
System memory in use after: 86.3 MB.

Unloading 7 unused Assets to reduce memory usage. Loaded Objects now: 2280.
Total: 1.909300 ms (FindLiveObjects: 0.184900 ms CreateObjectMapping: 0.068800 ms MarkObjects: 1.642100 ms  DeleteObjects: 0.012800 ms)

========================================================================
Received Prepare
Registering precompiled user dll's ...
Registered in 0.001588 seconds.
Begin MonoManager ReloadAssembly
Native extension for WindowsStandalone target not found
Refreshing native plugins compatible for Editor in 0.32 ms, found 1 plugins.
Preloading 0 native plugins for Editor in 0.00 ms.
Invoked RoslynAnalysisRunner static constructor.
RoslynAnalysisRunner will not be running.
RoslynAnalysisRunner has terminated.
Mono: successfully reloaded assembly
- Completed reload, in  0.881 seconds
Platform modules already initialized, skipping
Refreshing native plugins compatible for Editor in 0.36 ms, found 1 plugins.
Preloading 0 native plugins for Editor in 0.00 ms.
Unloading 1794 Unused Serialized files (Serialized files now loaded: 0)
System memory in use before: 86.4 MB.
System memory in use after: 86.5 MB.

Unloading 7 unused Assets to reduce memory usage. Loaded Objects now: 2283.
Total: 2.212400 ms (FindLiveObjects: 0.247400 ms CreateObjectMapping: 0.076500 ms MarkObjects: 1.872400 ms  DeleteObjects: 0.015000 ms)

========================================================================
Received Prepare
Refreshing native plugins compatible for Editor in 1.65 ms, found 1 plugins.
Preloading 0 native plugins for Editor in 0.00 ms.
Unloading 5 Unused Serialized files (Serialized files now loaded: 0)
System memory in use before: 51.2 MB.
System memory in use after: 51.4 MB.

Unloading 5 unused Assets to reduce memory usage. Loaded Objects now: 2283.
Total: 2.226300 ms (FindLiveObjects: 0.408400 ms CreateObjectMapping: 0.101600 ms MarkObjects: 1.698900 ms  DeleteObjects: 0.016000 ms)

========================================================================
Received Import Request.
  Time since last request: 89.974692 seconds.
  path: Assets/Scripts/QUITBUTTON.cs
  artifactKey: Guid(37e6da62c591dc344af53715eb9619b8) Importer(815301076,1909f56bfc062723c751e8b465ee728b)
Start importing Assets/Scripts/QUITBUTTON.cs using Guid(37e6da62c591dc344af53715eb9619b8) Importer(815301076,1909f56bfc062723c751e8b465ee728b)  -> (artifact id: '90a8cd7cb1a7d11a1826d2d9d37d3009') in 0.005753 seconds
  Import took 0.009718 seconds .

========================================================================
Received Prepare
Registering precompiled user dll's ...
Registered in 0.001284 seconds.
Begin MonoManager ReloadAssembly
Native extension for WindowsStandalone target not found
Refreshing native plugins compatible for Editor in 0.37 ms, found 1 plugins.
Preloading 0 native plugins for Editor in 0.00 ms.
Invoked RoslynAnalysisRunner static constructor.
RoslynAnalysisRunner will not be running.
RoslynAnalysisRunner has terminated.
Mono: successfully reloaded assembly
- Completed reload, in  0.891 seconds
Platform modules already initialized, skipping
Refreshing native plugins compatible for Editor in 0.38 ms, found 1 plugins.
Preloading 0 native plugins for Editor in 0.00 ms.
Unloading 1792 Unused Serialized files (Serialized files now loaded: 0)
System memory in use before: 86.7 MB.
System memory in use after: 86.8 MB.

Unloading 9 unused Assets to reduce memory usage. Loaded Objects now: 2284.
Total: 1.994700 ms (FindLiveObjects: 0.199700 ms CreateObjectMapping: 0.082900 ms MarkObjects: 1.667400 ms  DeleteObjects: 0.043400 ms)

========================================================================
Received Prepare
Registering precompiled user dll's ...
Registered in 0.001096 seconds.
Begin MonoManager ReloadAssembly
Native extension for WindowsStandalone target not found
Refreshing native plugins compatible for Editor in 0.32 ms, found 1 plugins.
Preloading 0 native plugins for Editor in 0.00 ms.
Invoked RoslynAnalysisRunner static constructor.
RoslynAnalysisRunner will not be running.
RoslynAnalysisRunner has terminated.
Mono: successfully reloaded assembly
- Completed reload, in  0.907 seconds
Platform modules already initialized, skipping
Refreshing native plugins compatible for Editor in 0.51 ms, found 1 plugins.
Preloading 0 native plugins for Editor in 0.00 ms.
Unloading 1792 Unused Serialized files (Serialized files now loaded: 0)
System memory in use before: 86.9 MB.
System memory in use after: 87.0 MB.

Unloading 7 unused Assets to reduce memory usage. Loaded Objects now: 2287.
Total: 2.633500 ms (FindLiveObjects: 0.285900 ms CreateObjectMapping: 0.111800 ms MarkObjects: 2.216000 ms  DeleteObjects: 0.018400 ms)

========================================================================
Received Prepare
Refreshing native plugins compatible for Editor in 1.67 ms, found 1 plugins.
Preloading 0 native plugins for Editor in 0.00 ms.
Unloading 5 Unused Serialized files (Serialized files now loaded: 0)
System memory in use before: 51.6 MB.
System memory in use after: 51.7 MB.

Unloading 5 unused Assets to reduce memory usage. Loaded Objects now: 2287.
Total: 2.091300 ms (FindLiveObjects: 0.362200 ms CreateObjectMapping: 0.113100 ms MarkObjects: 1.593500 ms  DeleteObjects: 0.017000 ms)

========================================================================
Received Prepare
Registering precompiled user dll's ...
Registered in 0.000923 seconds.
Begin MonoManager ReloadAssembly
Native extension for WindowsStandalone target not found
Refreshing native plugins compatible for Editor in 0.34 ms, found 1 plugins.
Preloading 0 native plugins for Editor in 0.00 ms.
Invoked RoslynAnalysisRunner static constructor.
RoslynAnalysisRunner will not be running.
RoslynAnalysisRunner has terminated.
Mono: successfully reloaded assembly
- Completed reload, in  0.920 seconds
Platform modules already initialized, skipping
Refreshing native plugins compatible for Editor in 0.36 ms, found 1 plugins.
Preloading 0 native plugins for Editor in 0.00 ms.
Unloading 1792 Unused Serialized files (Serialized files now loaded: 0)
System memory in use before: 86.3 MB.
System memory in use after: 86.4 MB.

Unloading 7 unused Assets to reduce memory usage. Loaded Objects now: 2290.
Total: 2.165400 ms (FindLiveObjects: 0.192900 ms CreateObjectMapping: 0.082300 ms MarkObjects: 1.872700 ms  DeleteObjects: 0.016400 ms)

========================================================================
Received Import Request.
  Time since last request: 511.839778 seconds.
  path: Assets/Scripts/Level.cs
  artifactKey: Guid(a13935fe81bf1e04ab9fa0ad2e41bb0e) Importer(815301076,1909f56bfc062723c751e8b465ee728b)
Start importing Assets/Scripts/Level.cs using Guid(a13935fe81bf1e04ab9fa0ad2e41bb0e) Importer(815301076,1909f56bfc062723c751e8b465ee728b)  -> (artifact id: '94464f235c577880814f0eeac86d38e8') in 0.007085 seconds
  Import took 0.010104 seconds .

========================================================================
Received Prepare
Registering precompiled user dll's ...
Registered in 0.000936 seconds.
Begin MonoManager ReloadAssembly
Native extension for WindowsStandalone target not found
Refreshing native plugins compatible for Editor in 0.32 ms, found 1 plugins.
Preloading 0 native plugins for Editor in 0.00 ms.
Invoked RoslynAnalysisRunner static constructor.
RoslynAnalysisRunner will not be running.
RoslynAnalysisRunner has terminated.
Mono: successfully reloaded assembly
- Completed reload, in  0.852 seconds
Platform modules already initialized, skipping
Refreshing native plugins compatible for Editor in 0.38 ms, found 1 plugins.
Preloading 0 native plugins for Editor in 0.00 ms.
Unloading 1792 Unused Serialized files (Serialized files now loaded: 0)
System memory in use before: 86.5 MB.
System memory in use after: 86.6 MB.

Unloading 7 unused Assets to reduce memory usage. Loaded Objects now: 2293.
Total: 1.808000 ms (FindLiveObjects: 0.189100 ms CreateObjectMapping: 0.076400 ms MarkObjects: 1.528100 ms  DeleteObjects: 0.013500 ms)

========================================================================
Received Import Request.
  Time since last request: 91.983757 seconds.
  path: Assets/Scripts/MouseHover.cs
  artifactKey: Guid(dd8a59a1c821cec4694165e8272dde86) Importer(815301076,1909f56bfc062723c751e8b465ee728b)
Start importing Assets/Scripts/MouseHover.cs using Guid(dd8a59a1c821cec4694165e8272dde86) Importer(815301076,1909f56bfc062723c751e8b465ee728b)  -> (artifact id: '3182f8a1598d7a3b6cfbf9b9b605d354') in 0.009189 seconds
  Import took 0.011848 seconds .

========================================================================
Received Import Request.
  Time since last request: 5.187820 seconds.
  path: Assets/Scenes/MainMenu.unity
  artifactKey: Guid(389c3bf991155204ea5cf2696d05b510) Importer(815301076,1909f56bfc062723c751e8b465ee728b)
Start importing Assets/Scenes/MainMenu.unity using Guid(389c3bf991155204ea5cf2696d05b510) Importer(815301076,1909f56bfc062723c751e8b465ee728b)  -> (artifact id: '41be9d32630161f9ac05d3bef5619050') in 0.015543 seconds
  Import took 0.018606 seconds .

========================================================================
Received Import Request.
  Time since last request: 48.190511 seconds.
  path: Assets/Scripts/Buttons/Start1.cs
  artifactKey: Guid(26f2c986e527cc34f8799ee39a384e8d) Importer(815301076,1909f56bfc062723c751e8b465ee728b)
Start importing Assets/Scripts/Buttons/Start1.cs using Guid(26f2c986e527cc34f8799ee39a384e8d) Importer(815301076,1909f56bfc062723c751e8b465ee728b)  -> (artifact id: '1cea4785ffdba0adf6057f764054dc52') in 0.008733 seconds
  Import took 0.011951 seconds .

========================================================================
Received Import Request.
  Time since last request: 28.234211 seconds.
  path: Assets/Scenes/Loading.unity
  artifactKey: Guid(292be601985daef488d53dafdba9e067) Importer(815301076,1909f56bfc062723c751e8b465ee728b)
Start importing Assets/Scenes/Loading.unity using Guid(292be601985daef488d53dafdba9e067) Importer(815301076,1909f56bfc062723c751e8b465ee728b)  -> (artifact id: 'c794a5a50fe73c52eb1327cc31ab02d4') in 0.008745 seconds
  Import took 0.011801 seconds .

========================================================================
Received Import Request.
  Time since last request: 0.001379 seconds.
  path: Assets/Scenes/Loading.unity
  artifactKey: Guid(292be601985daef488d53dafdba9e067) Importer(815301076,1909f56bfc062723c751e8b465ee728b)
Start importing Assets/Scenes/Loading.unity using Guid(292be601985daef488d53dafdba9e067) Importer(815301076,1909f56bfc062723c751e8b465ee728b)  -> (artifact id: 'c794a5a50fe73c52eb1327cc31ab02d4') in 0.003398 seconds
  Import took 0.006168 seconds .

========================================================================
Received Import Request.
  Time since last request: 3.860815 seconds.
  path: Assets/Scenes/SampleScene.unity
  artifactKey: Guid(2cda990e2423bbf4892e6590ba056729) Importer(815301076,1909f56bfc062723c751e8b465ee728b)
Start importing Assets/Scenes/SampleScene.unity using Guid(2cda990e2423bbf4892e6590ba056729) Importer(815301076,1909f56bfc062723c751e8b465ee728b)  -> (artifact id: '18ebc325a9e9ef7ed9e524874e6201f8') in 0.008954 seconds
  Import took 0.011920 seconds .

========================================================================
Received Import Request.
  Time since last request: 0.001066 seconds.
  path: Assets/Scenes/SampleScene.unity
  artifactKey: Guid(2cda990e2423bbf4892e6590ba056729) Importer(815301076,1909f56bfc062723c751e8b465ee728b)
Start importing Assets/Scenes/SampleScene.unity using Guid(2cda990e2423bbf4892e6590ba056729) Importer(815301076,1909f56bfc062723c751e8b465ee728b)  -> (artifact id: '18ebc325a9e9ef7ed9e524874e6201f8') in 0.003269 seconds
  Import took 0.006071 seconds .

AssetImportWorkerClient::OnTransportError - code=2 error=End of file
